\BOOKMARK [0][]{chapter*.6}{Abbildungsverzeichnis}{}% 1
\BOOKMARK [0][]{chapter.7}{Einleitung}{}% 2
\BOOKMARK [1][]{section.8}{Motivation}{chapter.7}% 3
\BOOKMARK [1][]{section.10}{Ziel und Abgrenzung dieser Arbeit}{chapter.7}% 4
\BOOKMARK [1][]{section.11}{Aufbau und Vorgehensweise}{chapter.7}% 5
\BOOKMARK [0][]{chapter.12}{Grundlagen}{}% 6
\BOOKMARK [1][]{section.14}{DUMMY}{chapter.12}% 7
\BOOKMARK [1][]{section.15}{Vorfeldrecherche}{chapter.12}% 8
\BOOKMARK [2][]{subsection.16}{Feldanalyse im Bereich Musik}{section.15}% 9
\BOOKMARK [1][]{section.19}{Allgemeine Probleme bei zeitabh\344ngigen Medien}{chapter.12}% 10
\BOOKMARK [1][]{section.21}{Analyse}{chapter.12}% 11
\BOOKMARK [2][]{subsection.22}{Anforderungsanalyse}{section.21}% 12
\BOOKMARK [2][]{subsection.23}{Feature-Liste}{section.21}% 13
\BOOKMARK [0][]{chapter.24}{Konzeption}{}% 14
\BOOKMARK [1][]{section.25}{Fernkonzept}{chapter.24}% 15
\BOOKMARK [1][]{section.26}{Mockup}{chapter.24}% 16
\BOOKMARK [1][]{section.27}{Eingrenzung}{chapter.24}% 17
\BOOKMARK [0][]{chapter.28}{Implementierung}{}% 18
\BOOKMARK [1][]{section.29}{Quellen}{chapter.28}% 19
\BOOKMARK [1][]{section.30}{Frameworks f\374r die Web-Applikation}{chapter.28}% 20
\BOOKMARK [1][]{section.31}{Grobkonzept}{chapter.28}% 21
\BOOKMARK [1][]{section.32}{Feinkonzept}{chapter.28}% 22
\BOOKMARK [1][]{section.33}{Arbeitsweise}{chapter.28}% 23
\BOOKMARK [0][]{chapter.34}{Ergebnis}{}% 24
\BOOKMARK [0][]{chapter.35}{Ausblick}{}% 25
\BOOKMARK [1][]{section.36}{Problematik und Weiterentwicklung}{chapter.35}% 26
\BOOKMARK [1][]{section.37}{Fazit und kritische Bewertung}{chapter.35}% 27
\BOOKMARK [0][]{chapter*.38}{Literaturverzeichnis}{}% 28
\BOOKMARK [0][]{chapter*.39}{Eidesstattliche Erkl\344rung}{}% 29
